2021-07-21 15:29:34,543 WARN failed to get config: E:/practicesource/guli-mall/nacos/nacos-server-1.1.3/nacos\conf\cluster.conf

java.io.FileNotFoundException: E:\practicesource\guli-mall\nacos\nacos-server-1.1.3\nacos\conf\cluster.conf (系统找不到指定的文件。)
	at java.io.FileInputStream.open0(Native Method)
	at java.io.FileInputStream.open(FileInputStream.java:195)
	at java.io.FileInputStream.<init>(FileInputStream.java:138)
	at com.alibaba.nacos.core.utils.SystemUtils.readClusterConf(SystemUtils.java:127)
	at com.alibaba.nacos.naming.cluster.ServerListManager.refreshServerList(ServerListManager.java:93)
	at com.alibaba.nacos.naming.cluster.ServerListManager.access$400(ServerListManager.java:42)
	at com.alibaba.nacos.naming.cluster.ServerListManager$ServerListUpdater.run(ServerListManager.java:289)
	at java.util.concurrent.Executors$RunnableAdapter.call(Executors.java:511)
	at java.util.concurrent.FutureTask.runAndReset(FutureTask.java:308)
	at java.util.concurrent.ScheduledThreadPoolExecutor$ScheduledFutureTask.access$301(ScheduledThreadPoolExecutor.java:180)
	at java.util.concurrent.ScheduledThreadPoolExecutor$ScheduledFutureTask.run(ScheduledThreadPoolExecutor.java:294)
	at java.util.concurrent.ThreadPoolExecutor.runWorker(ThreadPoolExecutor.java:1149)
	at java.util.concurrent.ThreadPoolExecutor$Worker.run(ThreadPoolExecutor.java:624)
	at java.lang.Thread.run(Thread.java:748)
2021-07-21 15:29:34,918 INFO listen for service meta change

2021-07-21 15:29:39,543 WARN failed to get config: E:/practicesource/guli-mall/nacos/nacos-server-1.1.3/nacos\conf\cluster.conf

java.io.FileNotFoundException: E:\practicesource\guli-mall\nacos\nacos-server-1.1.3\nacos\conf\cluster.conf (系统找不到指定的文件。)
	at java.io.FileInputStream.open0(Native Method)
	at java.io.FileInputStream.open(FileInputStream.java:195)
	at java.io.FileInputStream.<init>(FileInputStream.java:138)
	at com.alibaba.nacos.core.utils.SystemUtils.readClusterConf(SystemUtils.java:127)
	at com.alibaba.nacos.naming.cluster.ServerListManager.refreshServerList(ServerListManager.java:93)
	at com.alibaba.nacos.naming.cluster.ServerListManager.access$400(ServerListManager.java:42)
	at com.alibaba.nacos.naming.cluster.ServerListManager$ServerListUpdater.run(ServerListManager.java:289)
	at java.util.concurrent.Executors$RunnableAdapter.call(Executors.java:511)
	at java.util.concurrent.FutureTask.runAndReset(FutureTask.java:308)
	at java.util.concurrent.ScheduledThreadPoolExecutor$ScheduledFutureTask.access$301(ScheduledThreadPoolExecutor.java:180)
	at java.util.concurrent.ScheduledThreadPoolExecutor$ScheduledFutureTask.run(ScheduledThreadPoolExecutor.java:294)
	at java.util.concurrent.ThreadPoolExecutor.runWorker(ThreadPoolExecutor.java:1149)
	at java.util.concurrent.ThreadPoolExecutor$Worker.run(ThreadPoolExecutor.java:624)
	at java.lang.Thread.run(Thread.java:748)
2021-07-21 15:29:44,544 WARN failed to get config: E:/practicesource/guli-mall/nacos/nacos-server-1.1.3/nacos\conf\cluster.conf

java.io.FileNotFoundException: E:\practicesource\guli-mall\nacos\nacos-server-1.1.3\nacos\conf\cluster.conf (系统找不到指定的文件。)
	at java.io.FileInputStream.open0(Native Method)
	at java.io.FileInputStream.open(FileInputStream.java:195)
	at java.io.FileInputStream.<init>(FileInputStream.java:138)
	at com.alibaba.nacos.core.utils.SystemUtils.readClusterConf(SystemUtils.java:127)
	at com.alibaba.nacos.naming.cluster.ServerListManager.refreshServerList(ServerListManager.java:93)
	at com.alibaba.nacos.naming.cluster.ServerListManager.access$400(ServerListManager.java:42)
	at com.alibaba.nacos.naming.cluster.ServerListManager$ServerListUpdater.run(ServerListManager.java:289)
	at java.util.concurrent.Executors$RunnableAdapter.call(Executors.java:511)
	at java.util.concurrent.FutureTask.runAndReset(FutureTask.java:308)
	at java.util.concurrent.ScheduledThreadPoolExecutor$ScheduledFutureTask.access$301(ScheduledThreadPoolExecutor.java:180)
	at java.util.concurrent.ScheduledThreadPoolExecutor$ScheduledFutureTask.run(ScheduledThreadPoolExecutor.java:294)
	at java.util.concurrent.ThreadPoolExecutor.runWorker(ThreadPoolExecutor.java:1149)
	at java.util.concurrent.ThreadPoolExecutor$Worker.run(ThreadPoolExecutor.java:624)
	at java.lang.Thread.run(Thread.java:748)
2021-07-21 15:29:49,544 WARN failed to get config: E:/practicesource/guli-mall/nacos/nacos-server-1.1.3/nacos\conf\cluster.conf

java.io.FileNotFoundException: E:\practicesource\guli-mall\nacos\nacos-server-1.1.3\nacos\conf\cluster.conf (系统找不到指定的文件。)
	at java.io.FileInputStream.open0(Native Method)
	at java.io.FileInputStream.open(FileInputStream.java:195)
	at java.io.FileInputStream.<init>(FileInputStream.java:138)
	at com.alibaba.nacos.core.utils.SystemUtils.readClusterConf(SystemUtils.java:127)
	at com.alibaba.nacos.naming.cluster.ServerListManager.refreshServerList(ServerListManager.java:93)
	at com.alibaba.nacos.naming.cluster.ServerListManager.access$400(ServerListManager.java:42)
	at com.alibaba.nacos.naming.cluster.ServerListManager$ServerListUpdater.run(ServerListManager.java:289)
	at java.util.concurrent.Executors$RunnableAdapter.call(Executors.java:511)
	at java.util.concurrent.FutureTask.runAndReset(FutureTask.java:308)
	at java.util.concurrent.ScheduledThreadPoolExecutor$ScheduledFutureTask.access$301(ScheduledThreadPoolExecutor.java:180)
	at java.util.concurrent.ScheduledThreadPoolExecutor$ScheduledFutureTask.run(ScheduledThreadPoolExecutor.java:294)
	at java.util.concurrent.ThreadPoolExecutor.runWorker(ThreadPoolExecutor.java:1149)
	at java.util.concurrent.ThreadPoolExecutor$Worker.run(ThreadPoolExecutor.java:624)
	at java.lang.Thread.run(Thread.java:748)
2021-07-21 15:29:54,543 WARN failed to get config: E:/practicesource/guli-mall/nacos/nacos-server-1.1.3/nacos\conf\cluster.conf

java.io.FileNotFoundException: E:\practicesource\guli-mall\nacos\nacos-server-1.1.3\nacos\conf\cluster.conf (系统找不到指定的文件。)
	at java.io.FileInputStream.open0(Native Method)
	at java.io.FileInputStream.open(FileInputStream.java:195)
	at java.io.FileInputStream.<init>(FileInputStream.java:138)
	at com.alibaba.nacos.core.utils.SystemUtils.readClusterConf(SystemUtils.java:127)
	at com.alibaba.nacos.naming.cluster.ServerListManager.refreshServerList(ServerListManager.java:93)
	at com.alibaba.nacos.naming.cluster.ServerListManager.access$400(ServerListManager.java:42)
	at com.alibaba.nacos.naming.cluster.ServerListManager$ServerListUpdater.run(ServerListManager.java:289)
	at java.util.concurrent.Executors$RunnableAdapter.call(Executors.java:511)
	at java.util.concurrent.FutureTask.runAndReset(FutureTask.java:308)
	at java.util.concurrent.ScheduledThreadPoolExecutor$ScheduledFutureTask.access$301(ScheduledThreadPoolExecutor.java:180)
	at java.util.concurrent.ScheduledThreadPoolExecutor$ScheduledFutureTask.run(ScheduledThreadPoolExecutor.java:294)
	at java.util.concurrent.ThreadPoolExecutor.runWorker(ThreadPoolExecutor.java:1149)
	at java.util.concurrent.ThreadPoolExecutor$Worker.run(ThreadPoolExecutor.java:624)
	at java.lang.Thread.run(Thread.java:748)
2021-07-21 15:29:59,543 WARN failed to get config: E:/practicesource/guli-mall/nacos/nacos-server-1.1.3/nacos\conf\cluster.conf

java.io.FileNotFoundException: E:\practicesource\guli-mall\nacos\nacos-server-1.1.3\nacos\conf\cluster.conf (系统找不到指定的文件。)
	at java.io.FileInputStream.open0(Native Method)
	at java.io.FileInputStream.open(FileInputStream.java:195)
	at java.io.FileInputStream.<init>(FileInputStream.java:138)
	at com.alibaba.nacos.core.utils.SystemUtils.readClusterConf(SystemUtils.java:127)
	at com.alibaba.nacos.naming.cluster.ServerListManager.refreshServerList(ServerListManager.java:93)
	at com.alibaba.nacos.naming.cluster.ServerListManager.access$400(ServerListManager.java:42)
	at com.alibaba.nacos.naming.cluster.ServerListManager$ServerListUpdater.run(ServerListManager.java:289)
	at java.util.concurrent.Executors$RunnableAdapter.call(Executors.java:511)
	at java.util.concurrent.FutureTask.runAndReset(FutureTask.java:308)
	at java.util.concurrent.ScheduledThreadPoolExecutor$ScheduledFutureTask.access$301(ScheduledThreadPoolExecutor.java:180)
	at java.util.concurrent.ScheduledThreadPoolExecutor$ScheduledFutureTask.run(ScheduledThreadPoolExecutor.java:294)
	at java.util.concurrent.ThreadPoolExecutor.runWorker(ThreadPoolExecutor.java:1149)
	at java.util.concurrent.ThreadPoolExecutor$Worker.run(ThreadPoolExecutor.java:624)
	at java.lang.Thread.run(Thread.java:748)
2021-07-21 15:30:04,544 WARN failed to get config: E:/practicesource/guli-mall/nacos/nacos-server-1.1.3/nacos\conf\cluster.conf

java.io.FileNotFoundException: E:\practicesource\guli-mall\nacos\nacos-server-1.1.3\nacos\conf\cluster.conf (系统找不到指定的文件。)
	at java.io.FileInputStream.open0(Native Method)
	at java.io.FileInputStream.open(FileInputStream.java:195)
	at java.io.FileInputStream.<init>(FileInputStream.java:138)
	at com.alibaba.nacos.core.utils.SystemUtils.readClusterConf(SystemUtils.java:127)
	at com.alibaba.nacos.naming.cluster.ServerListManager.refreshServerList(ServerListManager.java:93)
	at com.alibaba.nacos.naming.cluster.ServerListManager.access$400(ServerListManager.java:42)
	at com.alibaba.nacos.naming.cluster.ServerListManager$ServerListUpdater.run(ServerListManager.java:289)
	at java.util.concurrent.Executors$RunnableAdapter.call(Executors.java:511)
	at java.util.concurrent.FutureTask.runAndReset(FutureTask.java:308)
	at java.util.concurrent.ScheduledThreadPoolExecutor$ScheduledFutureTask.access$301(ScheduledThreadPoolExecutor.java:180)
	at java.util.concurrent.ScheduledThreadPoolExecutor$ScheduledFutureTask.run(ScheduledThreadPoolExecutor.java:294)
	at java.util.concurrent.ThreadPoolExecutor.runWorker(ThreadPoolExecutor.java:1149)
	at java.util.concurrent.ThreadPoolExecutor$Worker.run(ThreadPoolExecutor.java:624)
	at java.lang.Thread.run(Thread.java:748)
