2021-05-02 00:01:55,042 INFO PERFORMANCE:|0|0|-1|-1

2021-05-02 00:06:55,046 INFO PERFORMANCE:|0|0|-1|-1

2021-05-02 00:11:55,048 INFO PERFORMANCE:|0|0|-1|-1

2021-05-02 00:16:55,049 INFO PERFORMANCE:|0|0|-1|-1

2021-05-02 00:21:55,051 INFO PERFORMANCE:|0|0|-1|-1

2021-05-02 00:26:55,052 INFO PERFORMANCE:|0|0|-1|-1

2021-05-02 00:31:55,053 INFO PERFORMANCE:|0|0|-1|-1

2021-05-02 00:36:55,055 INFO PERFORMANCE:|0|0|-1|-1

2021-05-02 00:41:55,056 INFO PERFORMANCE:|0|0|-1|-1

2021-05-02 00:46:55,058 INFO PERFORMANCE:|0|0|-1|-1

2021-05-02 00:51:55,059 INFO PERFORMANCE:|0|0|-1|-1

2021-05-02 00:56:55,085 INFO PERFORMANCE:|0|0|-1|-1

2021-05-02 01:01:55,086 INFO PERFORMANCE:|0|0|-1|-1

2021-05-02 01:06:55,088 INFO PERFORMANCE:|0|0|-1|-1

2021-05-02 01:11:55,089 INFO PERFORMANCE:|0|0|-1|-1

2021-05-02 01:16:55,091 INFO PERFORMANCE:|0|0|-1|-1

2021-05-02 01:21:55,092 INFO PERFORMANCE:|0|0|-1|-1

2021-05-02 01:26:55,093 INFO PERFORMANCE:|0|0|-1|-1

2021-05-02 01:31:55,095 INFO PERFORMANCE:|0|0|-1|-1

2021-05-02 01:36:55,097 INFO PERFORMANCE:|0|0|-1|-1

2021-05-02 01:41:55,099 INFO PERFORMANCE:|0|0|-1|-1

2021-05-02 01:46:55,101 INFO PERFORMANCE:|0|0|-1|-1

2021-05-02 01:51:55,102 INFO PERFORMANCE:|0|0|-1|-1

2021-05-02 01:56:55,104 INFO PERFORMANCE:|0|0|-1|-1

2021-05-02 02:01:55,105 INFO PERFORMANCE:|0|0|-1|-1

2021-05-02 02:06:55,106 INFO PERFORMANCE:|0|0|-1|-1

2021-05-02 02:11:55,108 INFO PERFORMANCE:|0|0|-1|-1

2021-05-02 02:16:55,109 INFO PERFORMANCE:|0|0|-1|-1

2021-05-02 02:21:55,111 INFO PERFORMANCE:|0|0|-1|-1

2021-05-02 02:26:55,113 INFO PERFORMANCE:|0|0|-1|-1

2021-05-02 02:31:55,115 INFO PERFORMANCE:|0|0|-1|-1

2021-05-02 02:36:55,116 INFO PERFORMANCE:|0|0|-1|-1

2021-05-02 02:41:55,118 INFO PERFORMANCE:|0|0|-1|-1

2021-05-02 02:46:55,119 INFO PERFORMANCE:|0|0|-1|-1

2021-05-02 02:51:55,121 INFO PERFORMANCE:|0|0|-1|-1

2021-05-02 02:56:55,122 INFO PERFORMANCE:|0|0|-1|-1

2021-05-02 03:01:55,124 INFO PERFORMANCE:|0|0|-1|-1

2021-05-02 03:06:55,126 INFO PERFORMANCE:|0|0|-1|-1

2021-05-02 03:11:55,128 INFO PERFORMANCE:|0|0|-1|-1

2021-05-02 03:16:55,130 INFO PERFORMANCE:|0|0|-1|-1

2021-05-02 03:21:55,132 INFO PERFORMANCE:|0|0|-1|-1

2021-05-02 03:26:55,134 INFO PERFORMANCE:|0|0|-1|-1

2021-05-02 03:31:55,136 INFO PERFORMANCE:|0|0|-1|-1

2021-05-02 03:36:55,138 INFO PERFORMANCE:|0|0|-1|-1

2021-05-02 03:41:55,139 INFO PERFORMANCE:|0|0|-1|-1

2021-05-02 03:46:55,141 INFO PERFORMANCE:|0|0|-1|-1

2021-05-02 03:51:55,143 INFO PERFORMANCE:|0|0|-1|-1

2021-05-02 03:56:55,145 INFO PERFORMANCE:|0|0|-1|-1

2021-05-02 04:01:55,146 INFO PERFORMANCE:|0|0|-1|-1

2021-05-02 04:06:55,148 INFO PERFORMANCE:|0|0|-1|-1

2021-05-02 04:11:55,150 INFO PERFORMANCE:|0|0|-1|-1

2021-05-02 04:16:55,151 INFO PERFORMANCE:|0|0|-1|-1

2021-05-02 04:21:55,153 INFO PERFORMANCE:|0|0|-1|-1

2021-05-02 04:26:55,155 INFO PERFORMANCE:|0|0|-1|-1

2021-05-02 04:31:55,157 INFO PERFORMANCE:|0|0|-1|-1

2021-05-02 04:36:55,158 INFO PERFORMANCE:|0|0|-1|-1

2021-05-02 04:41:55,160 INFO PERFORMANCE:|0|0|-1|-1

2021-05-02 04:46:55,162 INFO PERFORMANCE:|0|0|-1|-1

2021-05-02 04:51:55,164 INFO PERFORMANCE:|0|0|-1|-1

2021-05-02 04:56:55,165 INFO PERFORMANCE:|0|0|-1|-1

2021-05-02 05:01:55,167 INFO PERFORMANCE:|0|0|-1|-1

2021-05-02 05:06:55,169 INFO PERFORMANCE:|0|0|-1|-1

2021-05-02 05:11:55,170 INFO PERFORMANCE:|0|0|-1|-1

2021-05-02 05:16:55,172 INFO PERFORMANCE:|0|0|-1|-1

2021-05-02 05:21:55,174 INFO PERFORMANCE:|0|0|-1|-1

2021-05-02 05:26:55,176 INFO PERFORMANCE:|0|0|-1|-1

2021-05-02 05:31:55,177 INFO PERFORMANCE:|0|0|-1|-1

2021-05-02 05:36:55,179 INFO PERFORMANCE:|0|0|-1|-1

2021-05-02 05:41:55,181 INFO PERFORMANCE:|0|0|-1|-1

2021-05-02 05:46:55,183 INFO PERFORMANCE:|0|0|-1|-1

2021-05-02 05:51:55,184 INFO PERFORMANCE:|0|0|-1|-1

2021-05-02 05:56:55,186 INFO PERFORMANCE:|0|0|-1|-1

2021-05-02 06:01:55,188 INFO PERFORMANCE:|0|0|-1|-1

2021-05-02 06:06:55,189 INFO PERFORMANCE:|0|0|-1|-1

2021-05-02 06:11:55,191 INFO PERFORMANCE:|0|0|-1|-1

2021-05-02 06:16:55,193 INFO PERFORMANCE:|0|0|-1|-1

2021-05-02 06:21:55,195 INFO PERFORMANCE:|0|0|-1|-1

2021-05-02 06:26:55,196 INFO PERFORMANCE:|0|0|-1|-1

2021-05-02 06:31:55,198 INFO PERFORMANCE:|0|0|-1|-1

2021-05-02 06:36:55,200 INFO PERFORMANCE:|0|0|-1|-1

2021-05-02 06:41:55,202 INFO PERFORMANCE:|0|0|-1|-1

2021-05-02 06:46:55,203 INFO PERFORMANCE:|0|0|-1|-1

2021-05-02 06:51:55,205 INFO PERFORMANCE:|0|0|-1|-1

2021-05-02 06:56:55,207 INFO PERFORMANCE:|0|0|-1|-1

2021-05-02 07:01:55,208 INFO PERFORMANCE:|0|0|-1|-1

2021-05-02 07:06:55,210 INFO PERFORMANCE:|0|0|-1|-1

2021-05-02 07:11:55,212 INFO PERFORMANCE:|0|0|-1|-1

2021-05-02 07:16:55,214 INFO PERFORMANCE:|0|0|-1|-1

2021-05-02 07:21:55,215 INFO PERFORMANCE:|0|0|-1|-1

2021-05-02 07:26:55,217 INFO PERFORMANCE:|0|0|-1|-1

2021-05-02 07:31:55,219 INFO PERFORMANCE:|0|0|-1|-1

2021-05-02 07:36:55,221 INFO PERFORMANCE:|0|0|-1|-1

2021-05-02 07:41:55,222 INFO PERFORMANCE:|0|0|-1|-1

2021-05-02 07:46:55,224 INFO PERFORMANCE:|0|0|-1|-1

2021-05-02 07:51:55,226 INFO PERFORMANCE:|0|0|-1|-1

2021-05-02 07:56:55,227 INFO PERFORMANCE:|0|0|-1|-1

2021-05-02 08:01:55,229 INFO PERFORMANCE:|0|0|-1|-1

2021-05-02 08:06:55,231 INFO PERFORMANCE:|0|0|-1|-1

2021-05-02 08:11:55,233 INFO PERFORMANCE:|0|0|-1|-1

2021-05-02 08:16:55,234 INFO PERFORMANCE:|0|0|-1|-1

2021-05-02 08:21:55,236 INFO PERFORMANCE:|0|0|-1|-1

2021-05-02 08:26:55,238 INFO PERFORMANCE:|0|0|-1|-1

2021-05-02 08:31:55,239 INFO PERFORMANCE:|0|0|-1|-1

2021-05-02 08:36:55,241 INFO PERFORMANCE:|0|0|-1|-1

2021-05-02 08:41:55,243 INFO PERFORMANCE:|0|0|-1|-1

2021-05-02 08:46:55,245 INFO PERFORMANCE:|0|0|-1|-1

2021-05-02 08:51:55,246 INFO PERFORMANCE:|0|0|-1|-1

2021-05-02 08:56:55,248 INFO PERFORMANCE:|0|0|-1|-1

2021-05-02 09:01:55,250 INFO PERFORMANCE:|0|0|-1|-1

2021-05-02 09:06:55,252 INFO PERFORMANCE:|0|0|-1|-1

2021-05-02 09:11:55,253 INFO PERFORMANCE:|0|0|-1|-1

2021-05-02 09:16:55,255 INFO PERFORMANCE:|0|0|-1|-1

2021-05-02 09:21:55,257 INFO PERFORMANCE:|0|0|-1|-1

2021-05-02 09:26:55,258 INFO PERFORMANCE:|0|0|-1|-1

2021-05-02 09:31:55,260 INFO PERFORMANCE:|0|0|-1|-1

2021-05-02 09:36:55,262 INFO PERFORMANCE:|0|0|-1|-1

2021-05-02 09:41:55,264 INFO PERFORMANCE:|0|0|-1|-1

2021-05-02 09:46:55,265 INFO PERFORMANCE:|0|0|-1|-1

2021-05-02 09:51:55,267 INFO PERFORMANCE:|0|0|-1|-1

2021-05-02 09:56:55,269 INFO PERFORMANCE:|0|0|-1|-1

2021-05-02 10:01:55,271 INFO PERFORMANCE:|0|0|-1|-1

2021-05-02 10:06:55,272 INFO PERFORMANCE:|0|0|-1|-1

2021-05-02 10:11:55,274 INFO PERFORMANCE:|0|0|-1|-1

2021-05-02 10:16:55,276 INFO PERFORMANCE:|0|0|-1|-1

2021-05-02 10:21:55,277 INFO PERFORMANCE:|0|0|-1|-1

2021-05-02 10:26:55,279 INFO PERFORMANCE:|0|0|-1|-1

2021-05-02 10:31:55,281 INFO PERFORMANCE:|0|0|-1|-1

2021-05-02 10:36:55,283 INFO PERFORMANCE:|0|0|-1|-1

2021-05-02 10:41:55,284 INFO PERFORMANCE:|0|0|-1|-1

2021-05-02 10:46:55,286 INFO PERFORMANCE:|0|0|-1|-1

2021-05-02 10:51:55,288 INFO PERFORMANCE:|0|0|-1|-1

2021-05-02 10:56:55,290 INFO PERFORMANCE:|0|0|-1|-1

2021-05-02 11:01:55,291 INFO PERFORMANCE:|0|0|-1|-1

2021-05-02 11:06:55,293 INFO PERFORMANCE:|0|0|-1|-1

2021-05-02 11:11:55,295 INFO PERFORMANCE:|0|0|-1|-1

2021-05-02 11:16:55,296 INFO PERFORMANCE:|0|0|-1|-1

2021-05-02 11:21:55,298 INFO PERFORMANCE:|0|0|-1|-1

2021-05-02 11:26:55,300 INFO PERFORMANCE:|0|0|-1|-1

2021-05-02 11:31:55,302 INFO PERFORMANCE:|0|0|-1|-1

2021-05-02 11:36:55,303 INFO PERFORMANCE:|0|0|-1|-1

2021-05-02 11:41:55,305 INFO PERFORMANCE:|0|0|-1|-1

2021-05-02 11:46:55,307 INFO PERFORMANCE:|0|0|-1|-1

2021-05-02 11:51:55,308 INFO PERFORMANCE:|0|0|-1|-1

2021-05-02 11:56:55,310 INFO PERFORMANCE:|0|0|-1|-1

2021-05-02 12:01:55,312 INFO PERFORMANCE:|0|0|-1|-1

2021-05-02 12:06:55,313 INFO PERFORMANCE:|0|0|-1|-1

2021-05-02 12:11:55,314 INFO PERFORMANCE:|0|0|-1|-1

2021-05-02 12:16:55,316 INFO PERFORMANCE:|0|0|-1|-1

2021-05-02 12:21:55,318 INFO PERFORMANCE:|0|0|-1|-1

2021-05-02 12:26:55,320 INFO PERFORMANCE:|0|0|-1|-1

2021-05-02 12:31:55,321 INFO PERFORMANCE:|0|0|-1|-1

2021-05-02 12:36:55,323 INFO PERFORMANCE:|0|0|-1|-1

2021-05-02 12:41:55,325 INFO PERFORMANCE:|0|0|-1|-1

2021-05-02 12:46:55,326 INFO PERFORMANCE:|0|0|-1|-1

2021-05-02 12:51:55,328 INFO PERFORMANCE:|0|0|-1|-1

2021-05-02 12:56:55,329 INFO PERFORMANCE:|0|0|-1|-1

2021-05-02 13:01:55,331 INFO PERFORMANCE:|0|0|-1|-1

2021-05-02 13:06:55,333 INFO PERFORMANCE:|0|0|-1|-1

2021-05-02 13:11:55,335 INFO PERFORMANCE:|0|0|-1|-1

2021-05-02 13:16:55,336 INFO PERFORMANCE:|0|0|-1|-1

2021-05-02 13:21:55,338 INFO PERFORMANCE:|0|0|-1|-1

2021-05-02 13:26:55,340 INFO PERFORMANCE:|0|0|-1|-1

2021-05-02 13:31:55,341 INFO PERFORMANCE:|0|0|-1|-1

2021-05-02 13:36:55,343 INFO PERFORMANCE:|0|0|-1|-1

2021-05-02 13:41:55,345 INFO PERFORMANCE:|0|0|-1|-1

2021-05-02 13:46:55,347 INFO PERFORMANCE:|0|0|-1|-1

2021-05-02 13:51:55,348 INFO PERFORMANCE:|0|0|-1|-1

2021-05-02 13:56:55,350 INFO PERFORMANCE:|0|0|-1|-1

2021-05-02 14:01:55,352 INFO PERFORMANCE:|0|0|-1|-1

2021-05-02 14:06:55,353 INFO PERFORMANCE:|0|0|-1|-1

2021-05-02 14:11:55,355 INFO PERFORMANCE:|0|0|-1|-1

2021-05-02 14:16:55,356 INFO PERFORMANCE:|0|0|-1|-1

2021-05-02 14:21:55,357 INFO PERFORMANCE:|0|0|-1|-1

2021-05-02 14:26:55,359 INFO PERFORMANCE:|0|0|-1|-1

2021-05-02 14:31:55,360 INFO PERFORMANCE:|0|0|-1|-1

2021-05-02 14:36:55,362 INFO PERFORMANCE:|0|0|-1|-1

2021-05-02 14:41:55,364 INFO PERFORMANCE:|0|0|-1|-1

2021-05-02 14:46:55,365 INFO PERFORMANCE:|0|0|-1|-1

2021-05-02 14:51:55,367 INFO PERFORMANCE:|0|0|-1|-1

2021-05-02 14:56:55,369 INFO PERFORMANCE:|0|0|-1|-1

2021-05-02 15:01:55,370 INFO PERFORMANCE:|0|0|-1|-1

2021-05-02 15:06:55,372 INFO PERFORMANCE:|0|0|-1|-1

2021-05-02 15:11:55,374 INFO PERFORMANCE:|0|0|-1|-1

2021-05-02 15:16:55,376 INFO PERFORMANCE:|0|0|-1|-1

2021-05-02 15:21:55,377 INFO PERFORMANCE:|0|0|-1|-1

2021-05-02 15:26:55,379 INFO PERFORMANCE:|0|0|-1|-1

2021-05-02 15:31:55,380 INFO PERFORMANCE:|0|0|-1|-1

2021-05-02 15:36:55,382 INFO PERFORMANCE:|0|0|-1|-1

2021-05-02 15:41:55,384 INFO PERFORMANCE:|0|0|-1|-1

2021-05-02 15:46:55,385 INFO PERFORMANCE:|0|0|-1|-1

2021-05-02 15:51:55,387 INFO PERFORMANCE:|0|0|-1|-1

2021-05-02 15:56:55,389 INFO PERFORMANCE:|0|0|-1|-1

2021-05-02 16:01:55,390 INFO PERFORMANCE:|0|0|-1|-1

2021-05-02 16:06:55,392 INFO PERFORMANCE:|0|0|-1|-1

2021-05-02 16:11:55,394 INFO PERFORMANCE:|0|0|-1|-1

2021-05-02 16:16:55,396 INFO PERFORMANCE:|0|0|-1|-1

2021-05-02 16:21:55,397 INFO PERFORMANCE:|0|0|-1|-1

2021-05-02 16:26:55,399 INFO PERFORMANCE:|0|0|-1|-1

2021-05-02 16:31:55,400 INFO PERFORMANCE:|0|0|-1|-1

2021-05-02 16:36:55,402 INFO PERFORMANCE:|0|0|-1|-1

2021-05-02 16:41:55,403 INFO PERFORMANCE:|0|0|-1|-1

2021-05-02 16:46:55,405 INFO PERFORMANCE:|0|0|-1|-1

2021-05-02 16:51:55,406 INFO PERFORMANCE:|0|0|-1|-1

2021-05-02 16:56:55,407 INFO PERFORMANCE:|0|0|-1|-1

2021-05-02 17:01:55,409 INFO PERFORMANCE:|0|0|-1|-1

2021-05-02 17:06:55,410 INFO PERFORMANCE:|0|0|-1|-1

2021-05-02 17:11:55,412 INFO PERFORMANCE:|0|0|-1|-1

2021-05-02 17:16:55,414 INFO PERFORMANCE:|0|0|-1|-1

2021-05-02 17:21:55,415 INFO PERFORMANCE:|0|0|-1|-1

2021-05-02 17:26:55,417 INFO PERFORMANCE:|0|0|-1|-1

2021-05-02 17:31:55,419 INFO PERFORMANCE:|0|0|-1|-1

2021-05-02 17:36:55,421 INFO PERFORMANCE:|0|0|-1|-1

2021-05-02 17:41:55,422 INFO PERFORMANCE:|0|0|-1|-1

2021-05-02 17:46:55,423 INFO PERFORMANCE:|0|0|-1|-1

2021-05-02 17:51:55,425 INFO PERFORMANCE:|0|0|-1|-1

2021-05-02 17:56:55,426 INFO PERFORMANCE:|0|0|-1|-1

2021-05-02 18:01:55,428 INFO PERFORMANCE:|0|0|-1|-1

2021-05-02 18:06:55,429 INFO PERFORMANCE:|0|0|-1|-1

2021-05-02 18:11:55,430 INFO PERFORMANCE:|0|0|-1|-1

2021-05-02 18:16:55,432 INFO PERFORMANCE:|0|0|-1|-1

2021-05-02 18:21:55,434 INFO PERFORMANCE:|0|0|-1|-1

2021-05-02 18:26:55,435 INFO PERFORMANCE:|0|0|-1|-1

2021-05-02 18:31:55,437 INFO PERFORMANCE:|0|0|-1|-1

2021-05-02 18:36:55,438 INFO PERFORMANCE:|0|0|-1|-1

2021-05-02 18:41:55,440 INFO PERFORMANCE:|0|0|-1|-1

2021-05-02 18:46:55,442 INFO PERFORMANCE:|0|0|-1|-1

2021-05-02 18:51:55,443 INFO PERFORMANCE:|0|0|-1|-1

2021-05-02 18:56:55,454 INFO PERFORMANCE:|0|0|-1|-1

2021-05-02 19:01:55,455 INFO PERFORMANCE:|0|0|-1|-1

2021-05-02 19:06:55,456 INFO PERFORMANCE:|0|0|-1|-1

